
/home/runner/work/exp-dld-arithmetic-logic-unit-iitkgp/exp-dld-arithmetic-logic-unit-iitkgp/experiment/simulation/js/FileSaver.js
   15:42  warning  'global' is not defined  no-undef
   15:60  warning  'global' is not defined  no-undef
   16:5   warning  'global' is not defined  no-undef
   53:15  warning  Empty block statement    no-empty
  171:3   warning  'module' is not defined  no-undef

/home/runner/work/exp-dld-arithmetic-logic-unit-iitkgp/exp-dld-arithmetic-logic-unit-iitkgp/experiment/simulation/js/canvas.js
    15:1    warning  'available_id' is not defined                         no-undef
    16:1    warning  'init_x' is not defined                               no-undef
    17:1    warning  'init_y' is not defined                               no-undef
    18:1    warning  'bit_r' is not defined                                no-undef
    19:1    warning  'dot_width' is not defined                            no-undef
    20:1    warning  'dot_height' is not defined                           no-undef
    21:1    warning  'dot_gap' is not defined                              no-undef
    22:1    warning  'dot_color' is not defined                            no-undef
    23:1    warning  'pin_width' is not defined                            no-undef
    24:1    warning  'pin_height' is not defined                           no-undef
    25:1    warning  'pin_color' is not defined                            no-undef
    26:1    warning  'conn_width' is not defined                           no-undef
    27:1    warning  'conn_color' is not defined                           no-undef
    28:1    warning  'chip_padding' is not defined                         no-undef
    29:1    warning  'chip_color' is not defined                           no-undef
    30:1    warning  'labelColor' is not defined                           no-undef
    31:1    warning  'start_x' is not defined                              no-undef
    32:1    warning  'start_y' is not defined                              no-undef
    33:1    warning  'is_dragging' is not defined                          no-undef
    34:1    warning  'is_connecting' is not defined                        no-undef
    35:1    warning  'dragging_chip' is not defined                        no-undef
    36:1    warning  'dragging_component' is not defined                   no-undef
    37:1    warning  'dragging_bit' is not defined                         no-undef
    38:1    warning  'dragging_memory' is not defined                      no-undef
    39:1    warning  'dragging_clock' is not defined                       no-undef
    40:1    warning  'clock_running' is not defined                        no-undef
    41:1    warning  'stop_simulation_flag' is not defined                 no-undef
    42:1    warning  'drag_chip_index' is not defined                      no-undef
    43:1    warning  'drag_comp_index' is not defined                      no-undef
    44:1    warning  'sel_bit_index' is not defined                        no-undef
    45:1    warning  'sel_memory_index' is not defined                     no-undef
    46:1    warning  'sel_conn_index' is not defined                       no-undef
    47:1    warning  'nr_dot' is not defined                               no-undef
    48:1    warning  'start_dot' is not defined                            no-undef
    49:1    warning  'end_dot' is not defined                              no-undef
    50:1    warning  'star_spikes' is not defined                          no-undef
    51:1    warning  'star_outerRadius' is not defined                     no-undef
    52:1    warning  'star_innerRadius' is not defined                     no-undef
    53:1    warning  'l_jumper' is not defined                             no-undef
    54:1    warning  'r_jumper' is not defined                             no-undef
    55:1    warning  'high_clock' is not defined                           no-undef
    56:1    warning  'low_clock' is not defined                            no-undef
    63:16   warning  'block_sleep' is defined but never used               no-unused-vars
    71:26   warning  'star_spikes' is not defined                          no-undef
    73:25   warning  'star_outerRadius' is not defined                     no-undef
    74:25   warning  'star_spikes' is not defined                          no-undef
    75:34   warning  'star_outerRadius' is not defined                     no-undef
    76:34   warning  'star_outerRadius' is not defined                     no-undef
    79:34   warning  'star_innerRadius' is not defined                     no-undef
    80:34   warning  'star_innerRadius' is not defined                     no-undef
    84:25   warning  'star_outerRadius' is not defined                     no-undef
    93:5    warning  'nearest_dot_old' is assigned a value but never used  no-unused-vars
    94:32   warning  'dot_gap' is not defined                              no-undef
    94:43   warning  'dot_gap' is not defined                              no-undef
    95:21   warning  'dot_gap' is not defined                              no-undef
    96:16   warning  'dot_gap' is not defined                              no-undef
    99:27   warning  'dot_gap' is not defined                              no-undef
   102:32   warning  'dot_gap' is not defined                              no-undef
   102:43   warning  'dot_gap' is not defined                              no-undef
   103:21   warning  'dot_gap' is not defined                              no-undef
   106:27   warning  'dot_gap' is not defined                              no-undef
   116:34   warning  'dot_gap' is not defined                              no-undef
   116:45   warning  'dot_gap' is not defined                              no-undef
   117:28   warning  'dot_gap' is not defined                              no-undef
   127:33   warning  'dot_gap' is not defined                              no-undef
   127:44   warning  'dot_gap' is not defined                              no-undef
   128:28   warning  'dot_gap' is not defined                              no-undef
   151:22   warning  'dot_gap' is not defined                              no-undef
   151:49   warning  'dot_gap' is not defined                              no-undef
   151:63   warning  'dot_gap' is not defined                              no-undef
   152:26   warning  'dot_gap' is not defined                              no-undef
   152:53   warning  'dot_gap' is not defined                              no-undef
   152:67   warning  'dot_gap' is not defined                              no-undef
   153:40   warning  'dot_width' is not defined                            no-undef
   153:61   warning  'dot_height' is not defined                           no-undef
   153:78   warning  'dot_width' is not defined                            no-undef
   153:89   warning  'dot_height' is not defined                           no-undef
   153:101  warning  'dot_color' is not defined                            no-undef
   187:31   warning  'bit_r' is not defined                                no-undef
   187:39   warning  'bit_r' is not defined                                no-undef
   196:33   warning  'bit_r' is not defined                                no-undef
   207:40   warning  'bit_r' is not defined                                no-undef
   207:60   warning  'bit_r' is not defined                                no-undef
   210:36   warning  'bit_r' is not defined                                no-undef
   210:52   warning  'bit_r' is not defined                                no-undef
   211:36   warning  'bit_r' is not defined                                no-undef
   211:52   warning  'bit_r' is not defined                                no-undef
   212:36   warning  'bit_r' is not defined                                no-undef
   212:52   warning  'bit_r' is not defined                                no-undef
   213:36   warning  'bit_r' is not defined                                no-undef
   213:52   warning  'bit_r' is not defined                                no-undef
   253:33   warning  'bit_r' is not defined                                no-undef
   291:18   warning  'pin_width' is not defined                            no-undef
   292:18   warning  'pin_height' is not defined                           no-undef
   293:22   warning  'pin_color' is not defined                            no-undef
   350:30   warning  'dot_gap' is not defined                              no-undef
   350:54   warning  'dot_gap' is not defined                              no-undef
   351:30   warning  'dot_gap' is not defined                              no-undef
   351:54   warning  'dot_gap' is not defined                              no-undef
   367:37   warning  'dot_gap' is not defined                              no-undef
   367:61   warning  'dot_gap' is not defined                              no-undef
   368:37   warning  'dot_gap' is not defined                              no-undef
   368:61   warning  'dot_gap' is not defined                              no-undef
   385:34   warning  'dot_gap' is not defined                              no-undef
   387:18   warning  'dot_gap' is not defined                              no-undef
   388:23   warning  'dot_gap' is not defined                              no-undef
   393:81   warning  'dot_gap' is not defined                              no-undef
   393:115  warning  'dot_gap' is not defined                              no-undef
   401:45   warning  'dot_gap' is not defined                              no-undef
   412:54   warning  'dot_gap' is not defined                              no-undef
   413:63   warning  'dot_gap' is not defined                              no-undef
   414:54   warning  'dot_gap' is not defined                              no-undef
   415:63   warning  'dot_gap' is not defined                              no-undef
   435:29   warning  'dot_width' is not defined                            no-undef
   436:30   warning  'dot_height' is not defined                           no-undef
   436:48   warning  'chip_padding' is not defined                         no-undef
   437:23   warning  'dot_gap' is not defined                              no-undef
   437:34   warning  'dot_width' is not defined                            no-undef
   440:22   warning  'pin_height' is not defined                           no-undef
   440:40   warning  'chip_padding' is not defined                         no-undef
   442:23   warning  'dot_gap' is not defined                              no-undef
   442:55   warning  'chip_padding' is not defined                         no-undef
   442:71   warning  'pin_height' is not defined                           no-undef
   447:22   warning  'chip_color' is not defined                           no-undef
   449:30   warning  'pin_width' is not defined                            no-undef
   450:30   warning  'chip_padding' is not defined                         no-undef
   453:13   warning  'available_id' is not defined                         no-undef
   453:28   warning  'available_id' is not defined                         no-undef
   454:31   warning  'available_id' is not defined                         no-undef
   460:22   warning  'dot_gap' is not defined                              no-undef
   464:26   warning  'chip_padding' is not defined                         no-undef
   465:18   warning  'i' is already defined                                no-redeclare
   466:13   warning  'available_id' is not defined                         no-undef
   466:28   warning  'available_id' is not defined                         no-undef
   467:17   warning  'pin' is already defined                              no-redeclare
   467:31   warning  'available_id' is not defined                         no-undef
   473:22   warning  'dot_gap' is not defined                              no-undef
   475:9    warning  'available_id' is not defined                         no-undef
   475:24   warning  'available_id' is not defined                         no-undef
   486:25   warning  'labelColor' is not defined                           no-undef
   622:25   warning  'conn_width' is not defined                           no-undef
   623:27   warning  'conn_color' is not defined                           no-undef
   638:14   warning  'dot_gap' is not defined                              no-undef
   653:40   warning  'dot_gap' is not defined                              no-undef
   655:39   warning  'dot_gap' is not defined                              no-undef
   657:37   warning  'dot_gap' is not defined                              no-undef
   659:55   warning  'dot_gap' is not defined                              no-undef
   661:54   warning  'dot_gap' is not defined                              no-undef
   663:53   warning  'dot_gap' is not defined                              no-undef
   665:37   warning  'dot_gap' is not defined                              no-undef
   667:55   warning  'dot_gap' is not defined                              no-undef
   694:25   warning  'conn_width' is not defined                           no-undef
   695:27   warning  'conn_color' is not defined                           no-undef
   918:21   warning  'bit' is already defined                              no-redeclare
   943:39   warning  'dot_width' is not defined                            no-undef
   945:40   warning  'dot_height' is not defined                           no-undef
   961:25   warning  'left' is already defined                             no-redeclare
   962:25   warning  'right' is already defined                            no-redeclare
   962:41   warning  'pin_width' is not defined                            no-undef
   963:25   warning  'top' is already defined                              no-redeclare
   964:25   warning  'bottom' is already defined                           no-redeclare
   964:42   warning  'pin_height' is not defined                           no-undef
   981:29   warning  'left' is already defined                             no-redeclare
   982:29   warning  'right' is already defined                            no-redeclare
   982:45   warning  'pin_width' is not defined                            no-undef
   983:29   warning  'top' is already defined                              no-redeclare
   984:29   warning  'bottom' is already defined                           no-redeclare
   984:46   warning  'pin_height' is not defined                           no-undef
  1005:25   warning  'left' is already defined                             no-redeclare
  1006:25   warning  'right' is already defined                            no-redeclare
  1006:41   warning  'pin_width' is not defined                            no-undef
  1007:25   warning  'top' is already defined                              no-redeclare
  1008:25   warning  'bottom' is already defined                           no-redeclare
  1008:42   warning  'pin_height' is not defined                           no-undef
  1024:29   warning  'left' is already defined                             no-redeclare
  1025:29   warning  'right' is already defined                            no-redeclare
  1025:45   warning  'pin_width' is not defined                            no-undef
  1026:29   warning  'top' is already defined                              no-redeclare
  1027:29   warning  'bottom' is already defined                           no-redeclare
  1027:46   warning  'pin_height' is not defined                           no-undef
  1128:17   warning  'ele' is assigned a value but never used              no-unused-vars
  1155:25   warning  'conn' is already defined                             no-redeclare
  1158:29   warning  'assoc_pin' is already defined                        no-redeclare
  1175:13   warning  'total_conns' is assigned a value but never used      no-unused-vars
  1211:21   warning  'conn' is already defined                             no-redeclare
  1250:18   warning  'key' is assigned a value but never used              no-unused-vars
  1263:20   warning  'dot_gap' is not defined                              no-undef
  1277:24   warning  'dot_gap' is not defined                              no-undef
  1339:19   warning  'available_id' is not defined                         no-undef
  1340:9    warning  'available_id' is not defined                         no-undef
  1340:24   warning  'available_id' is not defined                         no-undef
  1398:32   warning  'dot_gap' is not defined                              no-undef
  1399:32   warning  'dot_gap' is not defined                              no-undef
  1400:32   warning  'dot_gap' is not defined                              no-undef
  1401:32   warning  'dot_gap' is not defined                              no-undef
  1425:17   warning  'drag_chip_index' is not defined                      no-undef
  1442:17   warning  'drag_comp_index' is not defined                      no-undef
  1464:9    warning  'nr_dot' is not defined                               no-undef
  1465:9    warning  'nr_dot' is not defined                               no-undef
  1466:9    warning  'is_connecting' is not defined                        no-undef
  1480:39   warning  'dot_width' is not defined                            no-undef
  1481:37   warning  'dot_width' is not defined                            no-undef
  1482:39   warning  'dot_width' is not defined                            no-undef
  1483:39   warning  'dot_width' is not defined                            no-undef
  1485:39   warning  'dot_width' is not defined                            no-undef
  1486:39   warning  'dot_width' is not defined                            no-undef
  1487:39   warning  'dot_width' is not defined                            no-undef
  1488:37   warning  'dot_width' is not defined                            no-undef
  1492:21   warning  'sel_conn_index' is not defined                       no-undef
  1515:17   warning  'sel_bit_index' is not defined                        no-undef
  1529:17   warning  'sel_memory_index' is not defined                     no-undef
  1539:13   warning  'sel_bit_index' is not defined                        no-undef
  1539:52   warning  'sel_bit_index' is not defined                        no-undef
  1540:30   warning  'sel_bit_index' is not defined                        no-undef
  1541:13   warning  'sel_bit_index' is not defined                        no-undef
  1546:37   warning  'drag_chip_index' is not defined                      no-undef
  1563:37   warning  'drag_comp_index' is not defined                      no-undef
  1587:36   warning  'sel_bit_index' is not defined                        no-undef
  1596:36   warning  'sel_memory_index' is not defined                     no-undef
  1684:21   warning  'conn' is already defined                             no-redeclare
  1685:21   warning  'indx' is already defined                             no-redeclare
  1686:26   warning  'i' is already defined                                no-redeclare
  1687:25   warning  'lns' is already defined                              no-redeclare
  1772:21   warning  'conn' is already defined                             no-redeclare
  1775:25   warning  'assoc' is already defined                            no-redeclare
  1787:21   warning  'conn' is already defined                             no-redeclare
  1790:25   warning  'assoc' is already defined                            no-redeclare
  1833:21   warning  'device' is already defined                           no-redeclare
  1836:29   warning  'conn' is already defined                             no-redeclare
  1839:33   warning  'assoc' is already defined                            no-redeclare
  1916:18   warning  'i' is already defined                                no-redeclare
  1926:9    warning  'saveAs' is not defined                               no-undef
  1929:29   warning  'pin_desc' is defined but never used                  no-unused-vars
  1932:9    warning  'saveAs' is not defined                               no-undef
  1954:15   warning  'conn_map' is assigned a value but never used         no-unused-vars
  1960:21   warning  'id' is already defined                               no-redeclare
  1999:64   warning  'init_x' is not defined                               no-undef
  1999:72   warning  'init_y' is not defined                               no-undef
  2110:21   warning  'ele_data' is already defined                         no-redeclare
  2161:18   warning  'i' is already defined                                no-redeclare
  2168:29   warning  'dot_width' is not defined                            no-undef
  2169:30   warning  'dot_height' is not defined                           no-undef
  2169:48   warning  'chip_padding' is not defined                         no-undef
  2170:23   warning  'dot_gap' is not defined                              no-undef
  2170:34   warning  'dot_width' is not defined                            no-undef
  2175:22   warning  'pin_height' is not defined                           no-undef
  2175:40   warning  'chip_padding' is not defined                         no-undef
  2177:23   warning  'dot_gap' is not defined                              no-undef
  2177:55   warning  'chip_padding' is not defined                         no-undef
  2177:71   warning  'pin_height' is not defined                           no-undef
  2180:22   warning  'chip_color' is not defined                           no-undef
  2192:30   warning  'pin_width' is not defined                            no-undef
  2193:30   warning  'chip_padding' is not defined                         no-undef
  2195:18   warning  'i' is already defined                                no-redeclare
  2196:13   warning  'available_id' is not defined                         no-undef
  2196:28   warning  'available_id' is not defined                         no-undef
  2197:31   warning  'available_id' is not defined                         no-undef
  2206:22   warning  'dot_gap' is not defined                              no-undef
  2210:26   warning  'chip_padding' is not defined                         no-undef
  2211:18   warning  'i' is already defined                                no-redeclare
  2212:13   warning  'available_id' is not defined                         no-undef
  2212:28   warning  'available_id' is not defined                         no-undef
  2213:17   warning  'pin' is already defined                              no-redeclare
  2213:31   warning  'available_id' is not defined                         no-undef
  2222:22   warning  'dot_gap' is not defined                              no-undef
  2224:9    warning  'available_id' is not defined                         no-undef
  2224:24   warning  'available_id' is not defined                         no-undef
  2236:25   warning  'labelColor' is not defined                           no-undef
  2281:1    warning  '$' is not defined                                    no-undef
  2300:14   warning  'is_dragging' is not defined                          no-undef
  2302:13   warning  'start_x' is not defined                              no-undef
  2303:13   warning  'start_y' is not defined                              no-undef
  2304:13   warning  'dragging_chip' is not defined                        no-undef
  2305:13   warning  'is_dragging' is not defined                          no-undef
  2306:21   warning  'is_dragging' is not defined                          no-undef
  2308:13   warning  'start_x' is not defined                              no-undef
  2309:13   warning  'start_y' is not defined                              no-undef
  2310:13   warning  'dragging_component' is not defined                   no-undef
  2311:13   warning  'is_dragging' is not defined                          no-undef
  2312:21   warning  'is_dragging' is not defined                          no-undef
  2314:13   warning  'start_x' is not defined                              no-undef
  2315:13   warning  'start_y' is not defined                              no-undef
  2316:13   warning  'dragging_bit' is not defined                         no-undef
  2317:13   warning  'is_dragging' is not defined                          no-undef
  2318:21   warning  'is_dragging' is not defined                          no-undef
  2320:13   warning  'start_x' is not defined                              no-undef
  2321:13   warning  'start_y' is not defined                              no-undef
  2322:13   warning  'dragging_memory' is not defined                      no-undef
  2323:13   warning  'is_dragging' is not defined                          no-undef
  2324:21   warning  'is_dragging' is not defined                          no-undef
  2326:13   warning  'start_x' is not defined                              no-undef
  2327:13   warning  'start_y' is not defined                              no-undef
  2328:13   warning  'dragging_clock' is not defined                       no-undef
  2329:13   warning  'is_dragging' is not defined                          no-undef
  2330:21   warning  'is_connecting' is not defined                        no-undef
  2332:13   warning  'start_dot' is not defined                            no-undef
  2332:27   warning  'nr_dot' is not defined                               no-undef
  2333:13   warning  'start_dot' is not defined                            no-undef
  2333:27   warning  'nr_dot' is not defined                               no-undef
  2334:13   warning  'is_connecting' is not defined                        no-undef
  2336:17   warning  'l_jumper' is not defined                             no-undef
  2338:17   warning  'r_jumper' is not defined                             no-undef
  2341:9    warning  'nr_dot' is not defined                               no-undef
  2347:10   warning  'is_dragging' is not defined                          no-undef
  2347:26   warning  'is_connecting' is not defined                        no-undef
  2351:9    warning  'is_dragging' is not defined                          no-undef
  2351:24   warning  'dragging_chip' is not defined                        no-undef
  2353:35   warning  'drag_chip_index' is not defined                      no-undef
  2358:29   warning  'dot_width' is not defined                            no-undef
  2359:30   warning  'dot_height' is not defined                           no-undef
  2359:48   warning  'chip_padding' is not defined                         no-undef
  2375:16   warning  'is_dragging' is not defined                          no-undef
  2375:31   warning  'dragging_component' is not defined                   no-undef
  2377:35   warning  'drag_comp_index' is not defined                      no-undef
  2378:13   warning  'x' is already defined                                no-redeclare
  2379:13   warning  'y' is already defined                                no-redeclare
  2380:13   warning  'nr_pt' is already defined                            no-redeclare
  2381:29   warning  'dot_width' is not defined                            no-undef
  2382:30   warning  'dot_height' is not defined                           no-undef
  2382:48   warning  'chip_padding' is not defined                         no-undef
  2383:13   warning  'dx' is already defined                               no-redeclare
  2384:13   warning  'dy' is already defined                               no-redeclare
  2390:16   warning  'is_dragging' is not defined                          no-undef
  2390:31   warning  'dragging_bit' is not defined                         no-undef
  2391:34   warning  'sel_bit_index' is not defined                        no-undef
  2392:13   warning  'x' is already defined                                no-redeclare
  2393:13   warning  'y' is already defined                                no-redeclare
  2394:13   warning  'nr_pt' is already defined                            no-redeclare
  2398:16   warning  'is_dragging' is not defined                          no-undef
  2398:31   warning  'dragging_memory' is not defined                      no-undef
  2399:13   warning  'bit' is already defined                              no-redeclare
  2399:34   warning  'sel_memory_index' is not defined                     no-undef
  2400:13   warning  'x' is already defined                                no-redeclare
  2401:13   warning  'y' is already defined                                no-redeclare
  2402:13   warning  'nr_pt' is already defined                            no-redeclare
  2405:36   warning  'dot_gap' is not defined                              no-undef
  2408:16   warning  'is_dragging' is not defined                          no-undef
  2408:31   warning  'dragging_clock' is not defined                       no-undef
  2410:13   warning  'x' is already defined                                no-redeclare
  2411:13   warning  'y' is already defined                                no-redeclare
  2412:13   warning  'nr_pt' is already defined                            no-redeclare
  2416:16   warning  'is_connecting' is not defined                        no-undef
  2422:52   warning  'nr_dot' is not defined                               no-undef
  2422:65   warning  'start_dot' is not defined                            no-undef
  2422:80   warning  'nr_dot' is not defined                               no-undef
  2422:93   warning  'start_dot' is not defined                            no-undef
  2423:22   warning  'nr_dot' is not defined                               no-undef
  2423:35   warning  'start_dot' is not defined                            no-undef
  2423:50   warning  'nr_dot' is not defined                               no-undef
  2423:63   warning  'start_dot' is not defined                            no-undef
  2423:80   warning  'nr_dot' is not defined                               no-undef
  2423:93   warning  'start_dot' is not defined                            no-undef
  2423:108  warning  'nr_dot' is not defined                               no-undef
  2423:121  warning  'start_dot' is not defined                            no-undef
  2426:24   warning  'nr_dot' is not defined                               no-undef
  2427:24   warning  'nr_dot' is not defined                               no-undef
  2428:18   warning  'l_jumper' is not defined                             no-undef
  2428:30   warning  'r_jumper' is not defined                             no-undef
  2428:44   warning  'start_dot' is not defined                            no-undef
  2428:81   warning  'start_dot' is not defined                            no-undef
  2428:113  warning  'dot_gap' is not defined                              no-undef
  2429:21   warning  'start_dot' is not defined                            no-undef
  2431:27   warning  'start_dot' is not defined                            no-undef
  2432:21   warning  'start_dot' is not defined                            no-undef
  2436:21   warning  'l_jumper' is not defined                             no-undef
  2437:41   warning  'available_id' is not defined                         no-undef
  2437:55   warning  'start_dot' is not defined                            no-undef
  2437:68   warning  'start_dot' is not defined                            no-undef
  2440:41   warning  'available_id' is not defined                         no-undef
  2440:55   warning  'start_dot' is not defined                            no-undef
  2440:68   warning  'start_dot' is not defined                            no-undef
  2443:17   warning  'available_id' is not defined                         no-undef
  2443:32   warning  'available_id' is not defined                         no-undef
  2448:25   warning  'l_jumper' is not defined                             no-undef
  2448:37   warning  'r_jumper' is not defined                             no-undef
  2448:51   warning  'start_dot' is not defined                            no-undef
  2448:88   warning  'start_dot' is not defined                            no-undef
  2448:120  warning  'dot_gap' is not defined                              no-undef
  2449:21   warning  'start_dot' is not defined                            no-undef
  2450:25   warning  'tmp' is already defined                              no-redeclare
  2451:27   warning  'start_dot' is not defined                            no-undef
  2452:21   warning  'start_dot' is not defined                            no-undef
  2455:21   warning  'jumper' is already defined                           no-redeclare
  2456:21   warning  'l_jumper' is not defined                             no-undef
  2457:41   warning  'available_id' is not defined                         no-undef
  2457:55   warning  'start_dot' is not defined                            no-undef
  2457:68   warning  'start_dot' is not defined                            no-undef
  2460:41   warning  'available_id' is not defined                         no-undef
  2460:55   warning  'start_dot' is not defined                            no-undef
  2460:68   warning  'start_dot' is not defined                            no-undef
  2463:17   warning  'available_id' is not defined                         no-undef
  2463:32   warning  'available_id' is not defined                         no-undef
  2466:21   warning  'flag' is already defined                             no-redeclare
  2469:50   warning  'available_id' is not defined                         no-undef
  2469:64   warning  'start_dot' is not defined                            no-undef
  2471:17   warning  'available_id' is not defined                         no-undef
  2471:32   warning  'available_id' is not defined                         no-undef
  2474:29   warning  'tmp' is already defined                              no-redeclare
  2480:29   warning  'tmp' is already defined                              no-redeclare
  2486:21   warning  'flag' is already defined                             no-redeclare
  2486:21   warning  'flag' is assigned a value but never used             no-unused-vars
  2491:5    warning  'l_jumper' is not defined                             no-undef
  2492:5    warning  'r_jumper' is not defined                             no-undef
  2493:5    warning  'is_dragging' is not defined                          no-undef
  2494:5    warning  'dragging_chip' is not defined                        no-undef
  2495:5    warning  'dragging_component' is not defined                   no-undef
  2496:5    warning  'dragging_clock' is not defined                       no-undef
  2497:5    warning  'dragging_bit' is not defined                         no-undef
  2498:5    warning  'dragging_mouse' is not defined                       no-undef
  2499:5    warning  'dragging_memory' is not defined                      no-undef
  2500:5    warning  'drag_chip_index' is not defined                      no-undef
  2501:5    warning  'drag_comp_index' is not defined                      no-undef
  2502:5    warning  'sel_bit_index' is not defined                        no-undef
  2503:5    warning  'sel_memory_index' is not defined                     no-undef
  2504:5    warning  'start_x' is not defined                              no-undef
  2505:5    warning  'start_y' is not defined                              no-undef
  2506:5    warning  'start_dot' is not defined                            no-undef
  2507:5    warning  'nr_dot' is not defined                               no-undef
  2508:5    warning  'is_connecting' is not defined                        no-undef
  2512:10   warning  'is_dragging' is not defined                          no-undef
  2512:26   warning  'is_connecting' is not defined                        no-undef
  2516:5    warning  'start_x' is not defined                              no-undef
  2517:5    warning  'start_y' is not defined                              no-undef
  2518:5    warning  'start_dot' is not defined                            no-undef
  2519:5    warning  'nr_dot' is not defined                               no-undef
  2520:5    warning  'is_connecting' is not defined                        no-undef
  2521:5    warning  'is_dragging' is not defined                          no-undef
  2522:5    warning  'is_connecting' is not defined                        no-undef
  2523:5    warning  'dragging_chip' is not defined                        no-undef
  2524:5    warning  'dragging_bit' is not defined                         no-undef
  2525:5    warning  'dragging_memory' is not defined                      no-undef
  2528:10   warning  'is_dragging' is not defined                          no-undef
  2528:26   warning  'is_connecting' is not defined                        no-undef
  2532:9    warning  'is_dragging' is not defined                          no-undef
  2532:24   warning  'dragging_chip' is not defined                        no-undef
  2536:9    warning  'start_x' is not defined                              no-undef
  2536:19   warning  'start_x' is not defined                              no-undef
  2537:9    warning  'start_y' is not defined                              no-undef
  2537:19   warning  'start_y' is not defined                              no-undef
  2538:16   warning  'is_dragging' is not defined                          no-undef
  2538:31   warning  'dragging_component' is not defined                   no-undef
  2539:13   warning  'dx' is already defined                               no-redeclare
  2540:13   warning  'dy' is already defined                               no-redeclare
  2542:9    warning  'start_x' is not defined                              no-undef
  2542:19   warning  'start_x' is not defined                              no-undef
  2543:9    warning  'start_y' is not defined                              no-undef
  2543:19   warning  'start_y' is not defined                              no-undef
  2544:16   warning  'is_dragging' is not defined                          no-undef
  2544:31   warning  'dragging_bit' is not defined                         no-undef
  2545:13   warning  'dx' is already defined                               no-redeclare
  2546:13   warning  'dy' is already defined                               no-redeclare
  2548:9    warning  'start_x' is not defined                              no-undef
  2548:19   warning  'start_x' is not defined                              no-undef
  2549:9    warning  'start_y' is not defined                              no-undef
  2549:19   warning  'start_y' is not defined                              no-undef
  2550:16   warning  'is_dragging' is not defined                          no-undef
  2550:31   warning  'dragging_memory' is not defined                      no-undef
  2551:13   warning  'dx' is already defined                               no-redeclare
  2552:13   warning  'dy' is already defined                               no-redeclare
  2554:9    warning  'start_x' is not defined                              no-undef
  2554:19   warning  'start_x' is not defined                              no-undef
  2555:9    warning  'start_y' is not defined                              no-undef
  2555:19   warning  'start_y' is not defined                              no-undef
  2556:16   warning  'is_dragging' is not defined                          no-undef
  2556:31   warning  'dragging_clock' is not defined                       no-undef
  2557:13   warning  'dx' is already defined                               no-redeclare
  2558:13   warning  'dy' is already defined                               no-redeclare
  2560:9    warning  'start_x' is not defined                              no-undef
  2560:19   warning  'start_x' is not defined                              no-undef
  2561:9    warning  'start_y' is not defined                              no-undef
  2561:19   warning  'start_y' is not defined                              no-undef
  2567:35   warning  'drag_chip_index' is not defined                      no-undef
  2570:13   warning  'drag_chip_index' is not defined                      no-undef
  2571:13   warning  '$' is not defined                                    no-undef
  2574:13   warning  '$' is not defined                                    no-undef
  2578:35   warning  'drag_comp_index' is not defined                      no-undef
  2581:13   warning  'drag_comp_index' is not defined                      no-undef
  2582:13   warning  '$' is not defined                                    no-undef
  2585:13   warning  '$' is not defined                                    no-undef
  2589:34   warning  'sel_bit_index' is not defined                        no-undef
  2592:13   warning  'sel_bit_index' is not defined                        no-undef
  2598:13   warning  'bit' is already defined                              no-redeclare
  2598:34   warning  'sel_memory_index' is not defined                     no-undef
  2601:13   warning  'sel_memory_index' is not defined                     no-undef
  2602:13   warning  '$' is not defined                                    no-undef
  2603:13   warning  '$' is not defined                                    no-undef
  2606:13   warning  '$' is not defined                                    no-undef
  2607:13   warning  '$' is not defined                                    no-undef
  2619:35   warning  'sel_conn_index' is not defined                       no-undef
  2622:13   warning  'sel_conn_index' is not defined                       no-undef
  2623:13   warning  '$' is not defined                                    no-undef
  2624:13   warning  '$' is not defined                                    no-undef
  2627:13   warning  '$' is not defined                                    no-undef
  2628:13   warning  '$' is not defined                                    no-undef
  2633:1    warning  Unnecessary semicolon                                 no-extra-semi
  2641:35   warning  'drag_comp_index' is not defined                      no-undef
  2646:9    warning  '$' is not defined                                    no-undef
  2647:9    warning  '$' is not defined                                    no-undef
  2648:9    warning  '$' is not defined                                    no-undef
  2662:13   warning  'flag' is already defined                             no-redeclare
  2669:35   warning  'available_id' is not defined                         no-undef
  2670:5    warning  'available_id' is not defined                         no-undef
  2670:20   warning  'available_id' is not defined                         no-undef
  2687:5    warning  'available_id' is not defined                         no-undef
  2727:33   warning  'json_pin' is already defined                         no-redeclare
  2824:1    warning  '$' is not defined                                    no-undef
  2825:5    warning  '$' is not defined                                    no-undef
  2855:30   warning  'available_id' is not defined                         no-undef
  2855:44   warning  'init_x' is not defined                               no-undef
  2855:52   warning  'init_y' is not defined                               no-undef
  2856:9    warning  'available_id' is not defined                         no-undef
  2856:24   warning  'available_id' is not defined                         no-undef
  2868:5    warning  '$' is not defined                                    no-undef
  2871:30   warning  'available_id' is not defined                         no-undef
  2871:44   warning  'init_x' is not defined                               no-undef
  2871:52   warning  'init_y' is not defined                               no-undef
  2872:13   warning  'available_id' is not defined                         no-undef
  2872:28   warning  'available_id' is not defined                         no-undef
  2875:31   warning  'available_id' is not defined                         no-undef
  2875:45   warning  'init_x' is not defined                               no-undef
  2875:53   warning  'init_y' is not defined                               no-undef
  2876:13   warning  'available_id' is not defined                         no-undef
  2876:28   warning  'available_id' is not defined                         no-undef
  2879:30   warning  'available_id' is not defined                         no-undef
  2879:44   warning  'init_x' is not defined                               no-undef
  2879:52   warning  'init_y' is not defined                               no-undef
  2880:13   warning  'available_id' is not defined                         no-undef
  2880:28   warning  'available_id' is not defined                         no-undef
  2887:5    warning  '$' is not defined                                    no-undef
  2888:20   warning  '$' is not defined                                    no-undef
  2889:19   warning  '$' is not defined                                    no-undef
  2895:35   warning  'available_id' is not defined                         no-undef
  2895:49   warning  'init_x' is not defined                               no-undef
  2895:57   warning  'init_y' is not defined                               no-undef
  2896:13   warning  'available_id' is not defined                         no-undef
  2896:28   warning  'available_id' is not defined                         no-undef
  2903:5    warning  '$' is not defined                                    no-undef
  2912:25   warning  '$' is not defined                                    no-undef
  2920:17   warning  '$' is not defined                                    no-undef
  2926:5    warning  '$' is not defined                                    no-undef
  2928:19   warning  '$' is not defined                                    no-undef
  2946:5    warning  '$' is not defined                                    no-undef
  2972:5    warning  '$' is not defined                                    no-undef
  3002:5    warning  '$' is not defined                                    no-undef
  3003:9    warning  'stop_simulation_flag' is not defined                 no-undef
  3021:5    warning  '$' is not defined                                    no-undef
  3022:9    warning  'stop_simulation_flag' is not defined                 no-undef
  3026:5    warning  '$' is not defined                                    no-undef
  3027:20   warning  '$' is not defined                                    no-undef
  3028:24   warning  '$' is not defined                                    no-undef
  3036:5    warning  '$' is not defined                                    no-undef
  3038:30   warning  'init_x' is not defined                               no-undef
  3038:38   warning  'init_y' is not defined                               no-undef
  3042:5    warning  '$' is not defined                                    no-undef

/home/runner/work/exp-dld-arithmetic-logic-unit-iitkgp/exp-dld-arithmetic-logic-unit-iitkgp/experiment/simulation/js/jquery-3.4.1.js
     18:44  warning  'module' is not defined                                                    no-undef
     27:3   warning  'module' is not defined                                                    no-undef
    138:11  warning  'Symbol' is already defined as a built-in global variable                  no-redeclare
    668:15  warning  Unexpected control character(s) in regular expression: \x1f, \x1f          no-control-regex
    723:39  warning  Empty block statement                                                      no-empty
   1919:28  warning  Do not access Object.prototype method 'hasOwnProperty' from target object  no-prototype-builtins
   2830:2   warning  Unnecessary semicolon                                                      no-extra-semi
   2831:31  warning  Unnecessary escape character: \/                                           no-useless-escape
   3132:55  warning  Empty block statement                                                      no-empty
   4233:18  warning  Empty block statement                                                      no-empty
   4716:28  warning  Unnecessary escape character: \/                                           no-useless-escape
   4932:18  warning  Empty block statement                                                      no-empty
   5777:75  warning  Unnecessary escape character: \/                                           no-useless-escape
   6171:19  warning  Empty block statement                                                      no-empty
   9288:22  warning  'urlAnchor.href' is assigned to itself                                     no-self-assign
   9698:16  warning  Empty block statement                                                      no-empty
  10558:38  warning  'define' is not defined                                                    no-undef
  10559:2   warning  'define' is not defined                                                    no-undef

✖ 577 problems (0 errors, 577 warnings)
  0 errors and 2 warnings potentially fixable with the `--fix` option.

